This file contains any messages produced by compilers while
running configure, to aid debugging if configure makes a mistake.

It was created by estipop configure 0.0.1, which was
generated by GNU Autoconf 2.69.  Invocation command line was

  $ ./configure 

## --------- ##
## Platform. ##
## --------- ##

hostname = petey-ThinkPad-P51
uname -m = x86_64
uname -r = 5.0.0-38-generic
uname -s = Linux
uname -v = #41-Ubuntu SMP Tue Dec 3 00:27:35 UTC 2019

/usr/bin/uname -p = unknown
/bin/uname -X     = unknown

/bin/arch              = unknown
/usr/bin/arch -k       = unknown
/usr/convex/getsysinfo = unknown
/usr/bin/hostinfo      = unknown
/bin/machine           = unknown
/usr/bin/oslevel       = unknown
/bin/universe          = unknown

PATH: /home/petey/bin
PATH: /home/petey/.local/bin
PATH: /usr/local/ncbi/sra-tools/bin
PATH: /usr/local/sbin
PATH: /usr/local/bin
PATH: /usr/sbin
PATH: /usr/bin
PATH: /sbin
PATH: /bin
PATH: /usr/games
PATH: /usr/local/games
PATH: /snap/bin


## ----------- ##
## Core tests. ##
## ----------- ##

configure:1775: checking for gcc
configure:1791: found /usr/bin/gcc
configure:1802: result: gcc
configure:2031: checking for C compiler version
configure:2040: gcc --version >&5
gcc (Ubuntu 8.3.0-6ubuntu1) 8.3.0
Copyright (C) 2018 Free Software Foundation, Inc.
This is free software; see the source for copying conditions.  There is NO
warranty; not even for MERCHANTABILITY or FITNESS FOR A PARTICULAR PURPOSE.

configure:2051: $? = 0
configure:2040: gcc -v >&5
Using built-in specs.
COLLECT_GCC=gcc
COLLECT_LTO_WRAPPER=/usr/lib/gcc/x86_64-linux-gnu/8/lto-wrapper
OFFLOAD_TARGET_NAMES=nvptx-none
OFFLOAD_TARGET_DEFAULT=1
Target: x86_64-linux-gnu
Configured with: ../src/configure -v --with-pkgversion='Ubuntu 8.3.0-6ubuntu1' --with-bugurl=file:///usr/share/doc/gcc-8/README.Bugs --enable-languages=c,ada,c++,go,brig,d,fortran,objc,obj-c++ --prefix=/usr --with-gcc-major-version-only --program-suffix=-8 --program-prefix=x86_64-linux-gnu- --enable-shared --enable-linker-build-id --libexecdir=/usr/lib --without-included-gettext --enable-threads=posix --libdir=/usr/lib --enable-nls --enable-bootstrap --enable-clocale=gnu --enable-libstdcxx-debug --enable-libstdcxx-time=yes --with-default-libstdcxx-abi=new --enable-gnu-unique-object --disable-vtable-verify --enable-libmpx --enable-plugin --enable-default-pie --with-system-zlib --with-target-system-zlib --enable-objc-gc=auto --enable-multiarch --disable-werror --with-arch-32=i686 --with-abi=m64 --with-multilib-list=m32,m64,mx32 --enable-multilib --with-tune=generic --enable-offload-targets=nvptx-none --without-cuda-driver --enable-checking=release --build=x86_64-linux-gnu --host=x86_64-linux-gnu --target=x86_64-linux-gnu
Thread model: posix
gcc version 8.3.0 (Ubuntu 8.3.0-6ubuntu1) 
configure:2051: $? = 0
configure:2040: gcc -V >&5
gcc: error: unrecognized command line option '-V'
gcc: fatal error: no input files
compilation terminated.
configure:2051: $? = 1
configure:2040: gcc -qversion >&5
gcc: error: unrecognized command line option '-qversion'; did you mean '--version'?
gcc: fatal error: no input files
compilation terminated.
configure:2051: $? = 1
configure:2071: checking whether the C compiler works
configure:2093: gcc    conftest.c  >&5
configure:2097: $? = 0
configure:2145: result: yes
configure:2148: checking for C compiler default output file name
configure:2150: result: a.out
configure:2156: checking for suffix of executables
configure:2163: gcc -o conftest    conftest.c  >&5
configure:2167: $? = 0
configure:2189: result: 
configure:2211: checking whether we are cross compiling
configure:2219: gcc -o conftest    conftest.c  >&5
configure:2223: $? = 0
configure:2230: ./conftest
configure:2234: $? = 0
configure:2222: result: no
configure:2227: checking for suffix of object files
configure:2249: gcc -c   conftest.c >&5
configure:2253: $? = 0
configure:2274: result: o
configure:2278: checking whether we are using the GNU C compiler
configure:2297: gcc -c   conftest.c >&5
configure:2297: $? = 0
configure:2306: result: yes
configure:2315: checking whether gcc accepts -g
configure:2335: gcc -c -g  conftest.c >&5
configure:2335: $? = 0
configure:2376: result: yes
configure:2393: checking for gcc option to accept ISO C89
configure:2456: gcc  -c -g -O2  conftest.c >&5
configure:2456: $? = 0
configure:2469: result: none needed
configure:2495: checking for gsl-config
configure:2513: found /usr/bin/gsl-config
configure:2525: result: /usr/bin/gsl-config
configure:2690: creating ./config.status

## ---------------------- ##
## Running config.status. ##
## ---------------------- ##

This file was extended by estipop config.status 0.0.1, which was
generated by GNU Autoconf 2.69.  Invocation command line was

  CONFIG_FILES    = 
  CONFIG_HEADERS  = 
  CONFIG_LINKS    = 
  CONFIG_COMMANDS = 
  $ ./config.status 

on petey-ThinkPad-P51

config.status:719: creating src/Makevars
config.status:719: creating inst/extras/Makevars

## ---------------- ##
## Cache variables. ##
## ---------------- ##

ac_cv_c_compiler_gnu=yes
ac_cv_env_CC_set=
ac_cv_env_CC_value=
ac_cv_env_CFLAGS_set=
ac_cv_env_CFLAGS_value=
ac_cv_env_CPPFLAGS_set=
ac_cv_env_CPPFLAGS_value=
ac_cv_env_LDFLAGS_set=
ac_cv_env_LDFLAGS_value=
ac_cv_env_LIBS_set=
ac_cv_env_LIBS_value=
ac_cv_env_build_alias_set=
ac_cv_env_build_alias_value=
ac_cv_env_host_alias_set=
ac_cv_env_host_alias_value=
ac_cv_env_target_alias_set=
ac_cv_env_target_alias_value=
ac_cv_objext=o
ac_cv_path_GSL_CONFIG=/usr/bin/gsl-config
ac_cv_prog_ac_ct_CC=gcc
ac_cv_prog_cc_c89=
ac_cv_prog_cc_g=yes

## ----------------- ##
## Output variables. ##
## ----------------- ##

CC='gcc'
CFLAGS='-g -O2'
CPPFLAGS=''
DEFS='-DPACKAGE_NAME=\"estipop\" -DPACKAGE_TARNAME=\"estipop\" -DPACKAGE_VERSION=\"0.0.1\" -DPACKAGE_STRING=\"estipop\ 0.0.1\" -DPACKAGE_BUGREPORT=\"\" -DPACKAGE_URL=\"\"'
ECHO_C=''
ECHO_N='-n'
ECHO_T=''
EXEEXT=''
GSL_CFLAGS='-I/usr/include'
GSL_CONFIG='/usr/bin/gsl-config'
GSL_LIBS='-L/usr/lib/x86_64-linux-gnu -lgsl -lgslcblas -lm'
LDFLAGS=''
LIBOBJS=''
LIBS=''
LTLIBOBJS=''
OBJEXT='o'
PACKAGE_BUGREPORT=''
PACKAGE_NAME='estipop'
PACKAGE_STRING='estipop 0.0.1'
PACKAGE_TARNAME='estipop'
PACKAGE_URL=''
PACKAGE_VERSION='0.0.1'
PATH_SEPARATOR=':'
SHELL='/bin/bash'
ac_ct_CC='gcc'
bindir='${exec_prefix}/bin'
build_alias=''
datadir='${datarootdir}'
datarootdir='${prefix}/share'
docdir='${datarootdir}/doc/${PACKAGE_TARNAME}'
dvidir='${docdir}'
exec_prefix='${prefix}'
host_alias=''
htmldir='${docdir}'
includedir='${prefix}/include'
infodir='${datarootdir}/info'
libdir='${exec_prefix}/lib'
libexecdir='${exec_prefix}/libexec'
localedir='${datarootdir}/locale'
localstatedir='${prefix}/var'
mandir='${datarootdir}/man'
oldincludedir='/usr/include'
pdfdir='${docdir}'
prefix='/usr/local'
program_transform_name='s,x,x,'
psdir='${docdir}'
sbindir='${exec_prefix}/sbin'
sharedstatedir='${prefix}/com'
sysconfdir='${prefix}/etc'
target_alias=''

## ----------- ##
## confdefs.h. ##
## ----------- ##

/* confdefs.h */
#define PACKAGE_NAME "estipop"
#define PACKAGE_TARNAME "estipop"
#define PACKAGE_VERSION "0.0.1"
#define PACKAGE_STRING "estipop 0.0.1"
#define PACKAGE_BUGREPORT ""
#define PACKAGE_URL ""

configure: exit 0
